2016-11-21T17:58:20.532109+00:00 app[worker.3]: TABLE [only_100k_opptys_2] Rows -- 100000
2016-11-21T17:58:20.532266+00:00 app[worker.3]: TABLE [only_100k_opptys_2] TOTAL Rows Inserted: 100000
2016-11-21T17:58:20.532325+00:00 app[worker.3]: Table only_100k_opptys_2 copied in 138 seconds
2016-11-21T17:58:20.533291+00:00 app[worker.3]: Data mover ENDED for table [only_100k_opptys_2] !2016-11-21 17:58:20.532
2016-11-21T17:58:20.533327+00:00 app[worker.3]:  Took 139 seconds to run the job!
2016-11-21T17:58:47.230844+00:00 app[worker.5]: TABLE [only_100k_opptys_1] Rows -- 100000
2016-11-21T17:58:47.231017+00:00 app[worker.5]: TABLE [only_100k_opptys_1] TOTAL Rows Inserted: 100000
2016-11-21T17:58:47.231093+00:00 app[worker.5]: Table only_100k_opptys_1 copied in 163 seconds
2016-11-21T17:58:47.231842+00:00 app[worker.5]: Data mover ENDED for table [only_100k_opptys_1] !2016-11-21 17:58:47.231
2016-11-21T17:58:47.231895+00:00 app[worker.5]:  Took 164 seconds to run the job!
2016-11-21T18:02:09.885355+00:00 app[worker.5]: QWorker ---- Message Received: {"count":10000,"table":"only_10k_opptys"}
2016-11-21T18:02:09.887721+00:00 app[worker.5]: Starting data mover for table [only_10k_opptys] ... 2016-11-21 18:02:09.887
2016-11-21T18:02:09.911917+00:00 app[worker.5]: Connected to DATABASE: HEROKU_POSTGRESQL_GRAY_JDBC_URL
2016-11-21T18:02:09.946499+00:00 app[worker.5]: CREATING TABLE only_10k_opptys
2016-11-21T18:02:10.065753+00:00 app[worker.5]: Copying data ... 
2016-11-21T18:02:09.939899+00:00 app[worker.5]: Connected to DATABASE: HEROKU_POSTGRESQL_CYAN_JDBC_URL
2016-11-21T18:02:09.946470+00:00 app[worker.5]: TABLE DROPPED: only_10k_opptys
2016-11-21T18:02:09.932846+00:00 app[worker.1]: QWorker ---- Message Received: {"count":1000,"table":"opptys"}
2016-11-21T18:02:09.935199+00:00 app[worker.1]: Starting data mover for table [opptys] ... 2016-11-21 18:02:09.934
2016-11-21T18:02:09.964519+00:00 app[worker.1]: Connected to DATABASE: HEROKU_POSTGRESQL_GRAY_JDBC_URL
2016-11-21T18:02:09.990495+00:00 app[worker.1]: Connected to DATABASE: HEROKU_POSTGRESQL_CYAN_JDBC_URL
2016-11-21T18:02:09.996669+00:00 app[worker.1]: TABLE DROPPED: opptys
2016-11-21T18:02:09.996696+00:00 app[worker.1]: CREATING TABLE opptys
2016-11-21T18:02:10.037814+00:00 app[worker.1]: Copying data ... 
2016-11-21T18:02:09.927489+00:00 app[worker.4]: QWorker ---- Message Received: {"count":6,"table":"servicesrule"}
2016-11-21T18:02:09.929845+00:00 app[worker.4]: Starting data mover for table [servicesrule] ... 2016-11-21 18:02:09.929
2016-11-21T18:02:09.954909+00:00 app[worker.4]: Connected to DATABASE: HEROKU_POSTGRESQL_GRAY_JDBC_URL
2016-11-21T18:02:09.975763+00:00 app[worker.4]: Connected to DATABASE: HEROKU_POSTGRESQL_CYAN_JDBC_URL
2016-11-21T18:02:09.979981+00:00 app[worker.4]: TABLE DROPPED: servicesrule
2016-11-21T18:02:09.980008+00:00 app[worker.4]: CREATING TABLE servicesrule
2016-11-21T18:02:10.005652+00:00 app[worker.4]: Copying data ... 
2016-11-21T18:02:10.011839+00:00 app[worker.4]: TABLE [servicesrule] TOTAL Rows Inserted: 6
2016-11-21T18:02:10.011892+00:00 app[worker.4]: Table servicesrule copied in 0 seconds
2016-11-21T18:02:10.012441+00:00 app[worker.4]: Data mover ENDED for table [servicesrule] !2016-11-21 18:02:10.012
2016-11-21T18:02:10.012478+00:00 app[worker.4]:  Took 0 seconds to run the job!
2016-11-21T18:02:09.939410+00:00 app[worker.3]: QWorker ---- Message Received: {"count":100000,"table":"only_100k_opptys"}
2016-11-21T18:02:09.941764+00:00 app[worker.3]: Starting data mover for table [only_100k_opptys] ... 2016-11-21 18:02:09.941
2016-11-21T18:02:09.966130+00:00 app[worker.3]: Connected to DATABASE: HEROKU_POSTGRESQL_GRAY_JDBC_URL
2016-11-21T18:02:09.988412+00:00 app[worker.3]: Connected to DATABASE: HEROKU_POSTGRESQL_CYAN_JDBC_URL
2016-11-21T18:02:09.995480+00:00 app[worker.3]: TABLE DROPPED: only_100k_opptys
2016-11-21T18:02:09.995513+00:00 app[worker.3]: CREATING TABLE only_100k_opptys
2016-11-21T18:02:09.967465+00:00 app[worker.2]: QWorker ---- Message Received: {"count":100000,"table":"another_100k_opptys"}
2016-11-21T18:02:09.969823+0